{
  "RSpec": {
    "coverage": {
      "/Users/carol/makers_projects/week-2/notebook/spec/features/notebook_feature_spec.rb": [
        1,
        null,
        1,
        1,
        2,
        null,
        null,
        1,
        1,
        1,
        null,
        null,
        1,
        1,
        1,
        2,
        null,
        null
      ],
      "/Users/carol/makers_projects/week-2/notebook/lib/notebook.rb": [
        1,
        null,
        1,
        null,
        1,
        null,
        1,
        5,
        null,
        null,
        1,
        6,
        6,
        null,
        null,
        1,
        3,
        null,
        null,
        null
      ],
      "/Users/carol/makers_projects/week-2/notebook/lib/note.rb": [
        1,
        null,
        1,
        null,
        1,
        5,
        null,
        null,
        null,
        1,
        1,
        null,
        null,
        null,
        null,
        null
      ],
      "/Users/carol/makers_projects/week-2/notebook/spec/note_spec.rb": [
        1,
        null,
        1,
        3,
        null,
        1,
        1,
        1,
        null,
        null,
        null,
        1,
        1,
        1,
        null,
        null,
        null,
        null
      ],
      "/Users/carol/makers_projects/week-2/notebook/spec/notebook_spec.rb": [
        1,
        null,
        null,
        1,
        null,
        3,
        4,
        null,
        1,
        1,
        1,
        null,
        null,
        null,
        1,
        1,
        2,
        2,
        null,
        null,
        1,
        1,
        null,
        null,
        1,
        1,
        1,
        1,
        null,
        null,
        1,
        1,
        null,
        null,
        null,
        null,
        null,
        null,
        null,
        null,
        null,
        null,
        null
      ]
    },
    "timestamp": 1550326825
  }
}
